  abs_config.cpp
..\common\abs_config.cpp(7): warning C4005: 'FILENAME_MAX': macro redefinition
  C:\Program Files (x86)\Windows Kits\10\Include\10.0.10240.0\ucrt\stdio.h(58): note: see previous definition of 'FILENAME_MAX'
  client.cpp
H:\wrkspc\Papaer_Scissors_Rock\src\protobuf\install\include\google/protobuf/io/coded_stream.h(869): warning C4800: 'google::protobuf::internal::Atomic32': forcing value to bool 'true' or 'false' (performance warning)
H:\wrkspc\Papaer_Scissors_Rock\src\protobuf\install\include\google/protobuf/generated_message_util.h(160): warning C4800: 'google::protobuf::uint32': forcing value to bool 'true' or 'false' (performance warning)
  client_networker.cpp
H:\wrkspc\Papaer_Scissors_Rock\src\protobuf\install\include\google/protobuf/io/coded_stream.h(869): warning C4800: 'google::protobuf::internal::Atomic32': forcing value to bool 'true' or 'false' (performance warning)
H:\wrkspc\Papaer_Scissors_Rock\src\protobuf\install\include\google/protobuf/generated_message_util.h(160): warning C4800: 'google::protobuf::uint32': forcing value to bool 'true' or 'false' (performance warning)
  event_queue.cpp
H:\wrkspc\Papaer_Scissors_Rock\src\protobuf\install\include\google/protobuf/io/coded_stream.h(869): warning C4800: 'google::protobuf::internal::Atomic32': forcing value to bool 'true' or 'false' (performance warning)
H:\wrkspc\Papaer_Scissors_Rock\src\protobuf\install\include\google/protobuf/generated_message_util.h(160): warning C4800: 'google::protobuf::uint32': forcing value to bool 'true' or 'false' (performance warning)
  message.pb.cc
H:\wrkspc\Papaer_Scissors_Rock\src\protobuf\install\include\google/protobuf/io/coded_stream.h(869): warning C4800: 'google::protobuf::internal::Atomic32': forcing value to bool 'true' or 'false' (performance warning)
H:\wrkspc\Papaer_Scissors_Rock\src\protobuf\install\include\google/protobuf/generated_message_util.h(160): warning C4800: 'google::protobuf::uint32': forcing value to bool 'true' or 'false' (performance warning)
  message_handler.cpp
H:\wrkspc\Papaer_Scissors_Rock\src\protobuf\install\include\google/protobuf/io/coded_stream.h(869): warning C4800: 'google::protobuf::internal::Atomic32': forcing value to bool 'true' or 'false' (performance warning)
H:\wrkspc\Papaer_Scissors_Rock\src\protobuf\install\include\google/protobuf/generated_message_util.h(160): warning C4800: 'google::protobuf::uint32': forcing value to bool 'true' or 'false' (performance warning)
  message_sender.cpp
H:\wrkspc\Papaer_Scissors_Rock\src\protobuf\install\include\google/protobuf/io/coded_stream.h(869): warning C4800: 'google::protobuf::internal::Atomic32': forcing value to bool 'true' or 'false' (performance warning)
H:\wrkspc\Papaer_Scissors_Rock\src\protobuf\install\include\google/protobuf/generated_message_util.h(160): warning C4800: 'google::protobuf::uint32': forcing value to bool 'true' or 'false' (performance warning)
  message_types.cpp
H:\wrkspc\Papaer_Scissors_Rock\src\protobuf\install\include\google/protobuf/io/coded_stream.h(869): warning C4800: 'google::protobuf::internal::Atomic32': forcing value to bool 'true' or 'false' (performance warning)
H:\wrkspc\Papaer_Scissors_Rock\src\protobuf\install\include\google/protobuf/generated_message_util.h(160): warning C4800: 'google::protobuf::uint32': forcing value to bool 'true' or 'false' (performance warning)
  networker.cpp
H:\wrkspc\Papaer_Scissors_Rock\src\protobuf\install\include\google/protobuf/io/coded_stream.h(869): warning C4800: 'google::protobuf::internal::Atomic32': forcing value to bool 'true' or 'false' (performance warning)
H:\wrkspc\Papaer_Scissors_Rock\src\protobuf\install\include\google/protobuf/generated_message_util.h(160): warning C4800: 'google::protobuf::uint32': forcing value to bool 'true' or 'false' (performance warning)
  main.cpp
H:\wrkspc\Papaer_Scissors_Rock\src\protobuf\install\include\google/protobuf/io/coded_stream.h(869): warning C4800: 'google::protobuf::internal::Atomic32': forcing value to bool 'true' or 'false' (performance warning)
H:\wrkspc\Papaer_Scissors_Rock\src\protobuf\install\include\google/protobuf/generated_message_util.h(160): warning C4800: 'google::protobuf::uint32': forcing value to bool 'true' or 'false' (performance warning)
C:\Program Files (x86)\Windows Kits\8.1\Include\um\DbgHelp.h(1544): warning C4091: 'typedef ': ignored on left of '' when no variable is declared
C:\Program Files (x86)\Windows Kits\8.1\Include\um\DbgHelp.h(3190): warning C4091: 'typedef ': ignored on left of '' when no variable is declared
  server.cpp
H:\wrkspc\Papaer_Scissors_Rock\src\protobuf\install\include\google/protobuf/io/coded_stream.h(869): warning C4800: 'google::protobuf::internal::Atomic32': forcing value to bool 'true' or 'false' (performance warning)
H:\wrkspc\Papaer_Scissors_Rock\src\protobuf\install\include\google/protobuf/generated_message_util.h(160): warning C4800: 'google::protobuf::uint32': forcing value to bool 'true' or 'false' (performance warning)
server.cpp(101): warning C4101: 'addr': unreferenced local variable
  super_node.cpp
H:\wrkspc\Papaer_Scissors_Rock\src\protobuf\install\include\google/protobuf/io/coded_stream.h(869): warning C4800: 'google::protobuf::internal::Atomic32': forcing value to bool 'true' or 'false' (performance warning)
H:\wrkspc\Papaer_Scissors_Rock\src\protobuf\install\include\google/protobuf/generated_message_util.h(160): warning C4800: 'google::protobuf::uint32': forcing value to bool 'true' or 'false' (performance warning)
  super_node_cfg.cpp
  super_node_observer.cpp
H:\wrkspc\Papaer_Scissors_Rock\src\protobuf\install\include\google/protobuf/io/coded_stream.h(869): warning C4800: 'google::protobuf::internal::Atomic32': forcing value to bool 'true' or 'false' (performance warning)
H:\wrkspc\Papaer_Scissors_Rock\src\protobuf\install\include\google/protobuf/generated_message_util.h(160): warning C4800: 'google::protobuf::uint32': forcing value to bool 'true' or 'false' (performance warning)
super_node.obj : error LNK2001: unresolved external symbol "public: virtual void __thiscall PUMA::Kernel::SuperNode::OnInvokeResponse(int,bool)" (?OnInvokeResponse@SuperNode@Kernel@PUMA@@UAEXH_N@Z)
super_node.obj : error LNK2001: unresolved external symbol "public: virtual void __thiscall PUMA::Kernel::SuperNode::OnInvokeRequest(void)" (?OnInvokeRequest@SuperNode@Kernel@PUMA@@UAEXXZ)
super_node.obj : error LNK2001: unresolved external symbol "public: virtual void __thiscall PUMA::Kernel::SuperNode::OnTransferResponse(int,int,class std::basic_string<char,struct std::char_traits<char>,class std::allocator<char> > const &,bool)" (?OnTransferResponse@SuperNode@Kernel@PUMA@@UAEXHHABV?$basic_string@DU?$char_traits@D@std@@V?$allocator@D@2@@std@@_N@Z)
super_node.obj : error LNK2001: unresolved external symbol "public: virtual void __thiscall PUMA::Kernel::SuperNode::OnStatusRequest(void)" (?OnStatusRequest@SuperNode@Kernel@PUMA@@UAEXXZ)
super_node.obj : error LNK2001: unresolved external symbol "public: virtual void __thiscall PUMA::Kernel::SuperNode::OnTransferRequest(void)" (?OnTransferRequest@SuperNode@Kernel@PUMA@@UAEXXZ)
H:\wrkspc\Papaer_Scissors_Rock\Release\GameServer.exe : fatal error LNK1120: 5 unresolved externals
