networker.obj : error LNK2001: unresolved external symbol "__declspec(dllimport) public: __thiscall google::LogMessage::LogMessage(char const *,int)" (__imp_??0LogMessage@google@@QAE@PBDH@Z)
main.obj : error LNK2001: unresolved external symbol "__declspec(dllimport) public: __thiscall google::LogMessage::LogMessage(char const *,int)" (__imp_??0LogMessage@google@@QAE@PBDH@Z)
server.obj : error LNK2001: unresolved external symbol "__declspec(dllimport) public: __thiscall google::LogMessage::LogMessage(char const *,int)" (__imp_??0LogMessage@google@@QAE@PBDH@Z)
abs_config.obj : error LNK2001: unresolved external symbol "__declspec(dllimport) public: __thiscall google::LogMessage::LogMessage(char const *,int)" (__imp_??0LogMessage@google@@QAE@PBDH@Z)
client.obj : error LNK2001: unresolved external symbol "__declspec(dllimport) public: __thiscall google::LogMessage::LogMessage(char const *,int)" (__imp_??0LogMessage@google@@QAE@PBDH@Z)
client_networker.obj : error LNK2001: unresolved external symbol "__declspec(dllimport) public: __thiscall google::LogMessage::LogMessage(char const *,int)" (__imp_??0LogMessage@google@@QAE@PBDH@Z)
message_sender.obj : error LNK2001: unresolved external symbol "__declspec(dllimport) public: __thiscall google::LogMessage::LogMessage(char const *,int)" (__imp_??0LogMessage@google@@QAE@PBDH@Z)
server.obj : error LNK2001: unresolved external symbol "__declspec(dllimport) public: __thiscall google::LogMessage::LogMessage(char const *,int,int)" (__imp_??0LogMessage@google@@QAE@PBDHH@Z)
super_node.obj : error LNK2001: unresolved external symbol "__declspec(dllimport) public: __thiscall google::LogMessage::LogMessage(char const *,int,int)" (__imp_??0LogMessage@google@@QAE@PBDHH@Z)
abs_config.obj : error LNK2001: unresolved external symbol "__declspec(dllimport) public: __thiscall google::LogMessage::LogMessage(char const *,int,int)" (__imp_??0LogMessage@google@@QAE@PBDHH@Z)
message_handler.obj : error LNK2001: unresolved external symbol "__declspec(dllimport) public: __thiscall google::LogMessage::LogMessage(char const *,int,int)" (__imp_??0LogMessage@google@@QAE@PBDHH@Z)
networker.obj : error LNK2001: unresolved external symbol "__declspec(dllimport) public: __thiscall google::LogMessage::LogMessage(char const *,int,int)" (__imp_??0LogMessage@google@@QAE@PBDHH@Z)
main.obj : error LNK2001: unresolved external symbol "__declspec(dllimport) public: __thiscall google::LogMessage::LogMessage(char const *,int,int)" (__imp_??0LogMessage@google@@QAE@PBDHH@Z)
super_node.obj : error LNK2001: unresolved external symbol "__declspec(dllimport) public: __thiscall google::LogMessage::~LogMessage(void)" (__imp_??1LogMessage@google@@QAE@XZ)
message_sender.obj : error LNK2001: unresolved external symbol "__declspec(dllimport) public: __thiscall google::LogMessage::~LogMessage(void)" (__imp_??1LogMessage@google@@QAE@XZ)
networker.obj : error LNK2001: unresolved external symbol "__declspec(dllimport) public: __thiscall google::LogMessage::~LogMessage(void)" (__imp_??1LogMessage@google@@QAE@XZ)
main.obj : error LNK2001: unresolved external symbol "__declspec(dllimport) public: __thiscall google::LogMessage::~LogMessage(void)" (__imp_??1LogMessage@google@@QAE@XZ)
server.obj : error LNK2001: unresolved external symbol "__declspec(dllimport) public: __thiscall google::LogMessage::~LogMessage(void)" (__imp_??1LogMessage@google@@QAE@XZ)
abs_config.obj : error LNK2001: unresolved external symbol "__declspec(dllimport) public: __thiscall google::LogMessage::~LogMessage(void)" (__imp_??1LogMessage@google@@QAE@XZ)
client.obj : error LNK2001: unresolved external symbol "__declspec(dllimport) public: __thiscall google::LogMessage::~LogMessage(void)" (__imp_??1LogMessage@google@@QAE@XZ)
client_networker.obj : error LNK2001: unresolved external symbol "__declspec(dllimport) public: __thiscall google::LogMessage::~LogMessage(void)" (__imp_??1LogMessage@google@@QAE@XZ)
message_handler.obj : error LNK2001: unresolved external symbol "__declspec(dllimport) public: __thiscall google::LogMessage::~LogMessage(void)" (__imp_??1LogMessage@google@@QAE@XZ)
super_node.obj : error LNK2001: unresolved external symbol "__declspec(dllimport) public: class std::basic_ostream<char,struct std::char_traits<char> > & __thiscall google::LogMessage::stream(void)" (__imp_?stream@LogMessage@google@@QAEAAV?$basic_ostream@DU?$char_traits@D@std@@@std@@XZ)
message_sender.obj : error LNK2001: unresolved external symbol "__declspec(dllimport) public: class std::basic_ostream<char,struct std::char_traits<char> > & __thiscall google::LogMessage::stream(void)" (__imp_?stream@LogMessage@google@@QAEAAV?$basic_ostream@DU?$char_traits@D@std@@@std@@XZ)
networker.obj : error LNK2001: unresolved external symbol "__declspec(dllimport) public: class std::basic_ostream<char,struct std::char_traits<char> > & __thiscall google::LogMessage::stream(void)" (__imp_?stream@LogMessage@google@@QAEAAV?$basic_ostream@DU?$char_traits@D@std@@@std@@XZ)
main.obj : error LNK2001: unresolved external symbol "__declspec(dllimport) public: class std::basic_ostream<char,struct std::char_traits<char> > & __thiscall google::LogMessage::stream(void)" (__imp_?stream@LogMessage@google@@QAEAAV?$basic_ostream@DU?$char_traits@D@std@@@std@@XZ)
server.obj : error LNK2001: unresolved external symbol "__declspec(dllimport) public: class std::basic_ostream<char,struct std::char_traits<char> > & __thiscall google::LogMessage::stream(void)" (__imp_?stream@LogMessage@google@@QAEAAV?$basic_ostream@DU?$char_traits@D@std@@@std@@XZ)
abs_config.obj : error LNK2001: unresolved external symbol "__declspec(dllimport) public: class std::basic_ostream<char,struct std::char_traits<char> > & __thiscall google::LogMessage::stream(void)" (__imp_?stream@LogMessage@google@@QAEAAV?$basic_ostream@DU?$char_traits@D@std@@@std@@XZ)
client.obj : error LNK2001: unresolved external symbol "__declspec(dllimport) public: class std::basic_ostream<char,struct std::char_traits<char> > & __thiscall google::LogMessage::stream(void)" (__imp_?stream@LogMessage@google@@QAEAAV?$basic_ostream@DU?$char_traits@D@std@@@std@@XZ)
client_networker.obj : error LNK2001: unresolved external symbol "__declspec(dllimport) public: class std::basic_ostream<char,struct std::char_traits<char> > & __thiscall google::LogMessage::stream(void)" (__imp_?stream@LogMessage@google@@QAEAAV?$basic_ostream@DU?$char_traits@D@std@@@std@@XZ)
message_handler.obj : error LNK2001: unresolved external symbol "__declspec(dllimport) public: class std::basic_ostream<char,struct std::char_traits<char> > & __thiscall google::LogMessage::stream(void)" (__imp_?stream@LogMessage@google@@QAEAAV?$basic_ostream@DU?$char_traits@D@std@@@std@@XZ)
main.obj : error LNK2019: unresolved external symbol "__declspec(dllimport) void __cdecl google::InitGoogleLogging(char const *)" (__imp_?InitGoogleLogging@google@@YAXPBD@Z) referenced in function "void __cdecl InitLogger(void)" (?InitLogger@@YAXXZ)
main.obj : error LNK2019: unresolved external symbol "__declspec(dllimport) void __cdecl google::ShutdownGoogleLogging(void)" (__imp_?ShutdownGoogleLogging@google@@YAXXZ) referenced in function "void __cdecl ShutdownLogger(void)" (?ShutdownLogger@@YAXXZ)
main.obj : error LNK2019: unresolved external symbol "__declspec(dllimport) void __cdecl google::SetLogFilenameExtension(char const *)" (__imp_?SetLogFilenameExtension@google@@YAXPBD@Z) referenced in function "void __cdecl InitLogger(void)" (?InitLogger@@YAXXZ)
main.obj : error LNK2019: unresolved external symbol "__declspec(dllimport) void __cdecl google::SetStderrLogging(int)" (__imp_?SetStderrLogging@google@@YAXH@Z) referenced in function "void __cdecl InitLogger(void)" (?InitLogger@@YAXXZ)
main.obj : error LNK2001: unresolved external symbol "__declspec(dllimport) bool fLB::FLAGS_alsologtostderr" (__imp_?FLAGS_alsologtostderr@fLB@@3_NA)
main.obj : error LNK2001: unresolved external symbol "__declspec(dllimport) bool fLB::FLAGS_colorlogtostderr" (__imp_?FLAGS_colorlogtostderr@fLB@@3_NA)
main.obj : error LNK2001: unresolved external symbol "__declspec(dllimport) int fLI::FLAGS_logbufsecs" (__imp_?FLAGS_logbufsecs@fLI@@3HA)
main.obj : error LNK2001: unresolved external symbol "__declspec(dllimport) class std::basic_string<char,struct std::char_traits<char>,class std::allocator<char> > & fLS::FLAGS_log_dir" (__imp_?FLAGS_log_dir@fLS@@3AAV?$basic_string@DU?$char_traits@D@std@@V?$allocator@D@2@@std@@A)
main.obj : error LNK2001: unresolved external symbol "__declspec(dllimport) int fLI::FLAGS_max_log_size" (__imp_?FLAGS_max_log_size@fLI@@3HA)
main.obj : error LNK2001: unresolved external symbol "__declspec(dllimport) bool fLB::FLAGS_stop_logging_if_full_disk" (__imp_?FLAGS_stop_logging_if_full_disk@fLB@@3_NA)
super_node.obj : error LNK2001: unresolved external symbol "public: virtual void __thiscall PUMA::Kernel::SuperNode::OnTransferRequest(void)" (?OnTransferRequest@SuperNode@Kernel@PUMA@@UAEXXZ)
super_node.obj : error LNK2001: unresolved external symbol "public: virtual void __thiscall PUMA::Kernel::SuperNode::OnStatusRequest(void)" (?OnStatusRequest@SuperNode@Kernel@PUMA@@UAEXXZ)
super_node.obj : error LNK2001: unresolved external symbol "public: virtual void __thiscall PUMA::Kernel::SuperNode::OnTransferResponse(int,int,class std::basic_string<char,struct std::char_traits<char>,class std::allocator<char> > const &,bool)" (?OnTransferResponse@SuperNode@Kernel@PUMA@@UAEXHHABV?$basic_string@DU?$char_traits@D@std@@V?$allocator@D@2@@std@@_N@Z)
super_node.obj : error LNK2001: unresolved external symbol "public: virtual void __thiscall PUMA::Kernel::SuperNode::OnInvokeRequest(void)" (?OnInvokeRequest@SuperNode@Kernel@PUMA@@UAEXXZ)
super_node.obj : error LNK2001: unresolved external symbol "public: virtual void __thiscall PUMA::Kernel::SuperNode::OnInvokeResponse(int,bool)" (?OnInvokeResponse@SuperNode@Kernel@PUMA@@UAEXH_N@Z)
H:\wrkspc\Papaer_Scissors_Rock\Debug\GameServer.exe : fatal error LNK1120: 19 unresolved externals
