  main.cpp
h:\private\prj\i\papaer_scissors_rock\src\protobuf\install\include\google\protobuf\io\coded_stream.h(869): warning C4800: 'google::protobuf::internal::Atomic64': forcing value to bool 'true' or 'false' (performance warning)
h:\private\prj\i\papaer_scissors_rock\src\protobuf\install\include\google\protobuf\generated_message_util.h(160): warning C4800: 'google::protobuf::uint32': forcing value to bool 'true' or 'false' (performance warning)
  client.cpp
h:\private\prj\i\papaer_scissors_rock\src\protobuf\install\include\google\protobuf\io\coded_stream.h(869): warning C4800: 'google::protobuf::internal::Atomic64': forcing value to bool 'true' or 'false' (performance warning)
h:\private\prj\i\papaer_scissors_rock\src\protobuf\install\include\google\protobuf\generated_message_util.h(160): warning C4800: 'google::protobuf::uint32': forcing value to bool 'true' or 'false' (performance warning)
  Generating Code...
glog.lib(demangle.obj) : warning LNK4099: PDB 'glog.pdb' was not found with 'glog.lib(demangle.obj)' or at 'H:\private\Prj\I\Papaer_Scissors_Rock\x64\Debug\glog.pdb'; linking object as if no debug info
glog.lib(logging.obj) : warning LNK4099: PDB 'glog.pdb' was not found with 'glog.lib(logging.obj)' or at 'H:\private\Prj\I\Papaer_Scissors_Rock\x64\Debug\glog.pdb'; linking object as if no debug info
glog.lib(raw_logging.obj) : warning LNK4099: PDB 'glog.pdb' was not found with 'glog.lib(raw_logging.obj)' or at 'H:\private\Prj\I\Papaer_Scissors_Rock\x64\Debug\glog.pdb'; linking object as if no debug info
glog.lib(symbolize.obj) : warning LNK4099: PDB 'glog.pdb' was not found with 'glog.lib(symbolize.obj)' or at 'H:\private\Prj\I\Papaer_Scissors_Rock\x64\Debug\glog.pdb'; linking object as if no debug info
glog.lib(utilities.obj) : warning LNK4099: PDB 'glog.pdb' was not found with 'glog.lib(utilities.obj)' or at 'H:\private\Prj\I\Papaer_Scissors_Rock\x64\Debug\glog.pdb'; linking object as if no debug info
glog.lib(vlog_is_on.obj) : warning LNK4099: PDB 'glog.pdb' was not found with 'glog.lib(vlog_is_on.obj)' or at 'H:\private\Prj\I\Papaer_Scissors_Rock\x64\Debug\glog.pdb'; linking object as if no debug info
glog.lib(signalhandler.obj) : warning LNK4099: PDB 'glog.pdb' was not found with 'glog.lib(signalhandler.obj)' or at 'H:\private\Prj\I\Papaer_Scissors_Rock\x64\Debug\glog.pdb'; linking object as if no debug info
glog.lib(port.obj) : warning LNK4099: PDB 'glog.pdb' was not found with 'glog.lib(port.obj)' or at 'H:\private\Prj\I\Papaer_Scissors_Rock\x64\Debug\glog.pdb'; linking object as if no debug info
libprotobuf-lite.lib(arena.cc.obj) : warning LNK4099: PDB 'libprotobuf-lite.pdb' was not found with 'libprotobuf-lite.lib(arena.cc.obj)' or at 'H:\private\Prj\I\Papaer_Scissors_Rock\x64\Debug\libprotobuf-lite.pdb'; linking object as if no debug info
libprotobuf-lite.lib(extension_set.cc.obj) : warning LNK4099: PDB 'libprotobuf-lite.pdb' was not found with 'libprotobuf-lite.lib(extension_set.cc.obj)' or at 'H:\private\Prj\I\Papaer_Scissors_Rock\x64\Debug\libprotobuf-lite.pdb'; linking object as if no debug info
libprotobuf-lite.lib(generated_message_util.cc.obj) : warning LNK4099: PDB 'libprotobuf-lite.pdb' was not found with 'libprotobuf-lite.lib(generated_message_util.cc.obj)' or at 'H:\private\Prj\I\Papaer_Scissors_Rock\x64\Debug\libprotobuf-lite.pdb'; linking object as if no debug info
libprotobuf-lite.lib(coded_stream.cc.obj) : warning LNK4099: PDB 'libprotobuf-lite.pdb' was not found with 'libprotobuf-lite.lib(coded_stream.cc.obj)' or at 'H:\private\Prj\I\Papaer_Scissors_Rock\x64\Debug\libprotobuf-lite.pdb'; linking object as if no debug info
libprotobuf-lite.lib(zero_copy_stream.cc.obj) : warning LNK4099: PDB 'libprotobuf-lite.pdb' was not found with 'libprotobuf-lite.lib(zero_copy_stream.cc.obj)' or at 'H:\private\Prj\I\Papaer_Scissors_Rock\x64\Debug\libprotobuf-lite.pdb'; linking object as if no debug info
libprotobuf-lite.lib(zero_copy_stream_impl_lite.cc.obj) : warning LNK4099: PDB 'libprotobuf-lite.pdb' was not found with 'libprotobuf-lite.lib(zero_copy_stream_impl_lite.cc.obj)' or at 'H:\private\Prj\I\Papaer_Scissors_Rock\x64\Debug\libprotobuf-lite.pdb'; linking object as if no debug info
libprotobuf-lite.lib(message_lite.cc.obj) : warning LNK4099: PDB 'libprotobuf-lite.pdb' was not found with 'libprotobuf-lite.lib(message_lite.cc.obj)' or at 'H:\private\Prj\I\Papaer_Scissors_Rock\x64\Debug\libprotobuf-lite.pdb'; linking object as if no debug info
libprotobuf-lite.lib(repeated_field.cc.obj) : warning LNK4099: PDB 'libprotobuf-lite.pdb' was not found with 'libprotobuf-lite.lib(repeated_field.cc.obj)' or at 'H:\private\Prj\I\Papaer_Scissors_Rock\x64\Debug\libprotobuf-lite.pdb'; linking object as if no debug info
libprotobuf-lite.lib(atomicops_internals_x86_msvc.cc.obj) : warning LNK4099: PDB 'libprotobuf-lite.pdb' was not found with 'libprotobuf-lite.lib(atomicops_internals_x86_msvc.cc.obj)' or at 'H:\private\Prj\I\Papaer_Scissors_Rock\x64\Debug\libprotobuf-lite.pdb'; linking object as if no debug info
libprotobuf-lite.lib(common.cc.obj) : warning LNK4099: PDB 'libprotobuf-lite.pdb' was not found with 'libprotobuf-lite.lib(common.cc.obj)' or at 'H:\private\Prj\I\Papaer_Scissors_Rock\x64\Debug\libprotobuf-lite.pdb'; linking object as if no debug info
libprotobuf-lite.lib(int128.cc.obj) : warning LNK4099: PDB 'libprotobuf-lite.pdb' was not found with 'libprotobuf-lite.lib(int128.cc.obj)' or at 'H:\private\Prj\I\Papaer_Scissors_Rock\x64\Debug\libprotobuf-lite.pdb'; linking object as if no debug info
libprotobuf-lite.lib(once.cc.obj) : warning LNK4099: PDB 'libprotobuf-lite.pdb' was not found with 'libprotobuf-lite.lib(once.cc.obj)' or at 'H:\private\Prj\I\Papaer_Scissors_Rock\x64\Debug\libprotobuf-lite.pdb'; linking object as if no debug info
libprotobuf-lite.lib(status.cc.obj) : warning LNK4099: PDB 'libprotobuf-lite.pdb' was not found with 'libprotobuf-lite.lib(status.cc.obj)' or at 'H:\private\Prj\I\Papaer_Scissors_Rock\x64\Debug\libprotobuf-lite.pdb'; linking object as if no debug info
libprotobuf-lite.lib(stringpiece.cc.obj) : warning LNK4099: PDB 'libprotobuf-lite.pdb' was not found with 'libprotobuf-lite.lib(stringpiece.cc.obj)' or at 'H:\private\Prj\I\Papaer_Scissors_Rock\x64\Debug\libprotobuf-lite.pdb'; linking object as if no debug info
libprotobuf-lite.lib(stringprintf.cc.obj) : warning LNK4099: PDB 'libprotobuf-lite.pdb' was not found with 'libprotobuf-lite.lib(stringprintf.cc.obj)' or at 'H:\private\Prj\I\Papaer_Scissors_Rock\x64\Debug\libprotobuf-lite.pdb'; linking object as if no debug info
libprotobuf-lite.lib(structurally_valid.cc.obj) : warning LNK4099: PDB 'libprotobuf-lite.pdb' was not found with 'libprotobuf-lite.lib(structurally_valid.cc.obj)' or at 'H:\private\Prj\I\Papaer_Scissors_Rock\x64\Debug\libprotobuf-lite.pdb'; linking object as if no debug info
libprotobuf-lite.lib(wire_format_lite.cc.obj) : warning LNK4099: PDB 'libprotobuf-lite.pdb' was not found with 'libprotobuf-lite.lib(wire_format_lite.cc.obj)' or at 'H:\private\Prj\I\Papaer_Scissors_Rock\x64\Debug\libprotobuf-lite.pdb'; linking object as if no debug info
  GameClient.vcxproj -> H:\private\Prj\I\Papaer_Scissors_Rock\x64\Debug\GameClient.exe
  GameClient.vcxproj -> H:\private\Prj\I\Papaer_Scissors_Rock\x64\Debug\GameClient.pdb (Full PDB)
